Determining if the function cblas_ddot exists failed with the following output:
Change Dir: /home/kalpit/Downloads/FairFace-master/dlib/build/temp.linux-x86_64-3.10/CMakeFiles/CMakeTmp

Run Build Command(s):/usr/bin/gmake -f Makefile cmTC_eeda6/fast && /usr/bin/gmake  -f CMakeFiles/cmTC_eeda6.dir/build.make CMakeFiles/cmTC_eeda6.dir/build
gmake[1]: Entering directory '/home/kalpit/Downloads/FairFace-master/dlib/build/temp.linux-x86_64-3.10/CMakeFiles/CMakeTmp'
Building C object CMakeFiles/cmTC_eeda6.dir/CheckFunctionExists.c.o
/usr/bin/cc   -DCHECK_FUNCTION_EXISTS=cblas_ddot -fPIE -o CMakeFiles/cmTC_eeda6.dir/CheckFunctionExists.c.o -c /usr/share/cmake-3.22/Modules/CheckFunctionExists.c
Linking C executable cmTC_eeda6
/usr/bin/cmake -E cmake_link_script CMakeFiles/cmTC_eeda6.dir/link.txt --verbose=1
/usr/bin/cc  -DCHECK_FUNCTION_EXISTS=cblas_ddot CMakeFiles/cmTC_eeda6.dir/CheckFunctionExists.c.o -o cmTC_eeda6 
/usr/bin/ld: CMakeFiles/cmTC_eeda6.dir/CheckFunctionExists.c.o: in function `main':
CheckFunctionExists.c:(.text+0x14): undefined reference to `cblas_ddot'
collect2: error: ld returned 1 exit status
gmake[1]: *** [CMakeFiles/cmTC_eeda6.dir/build.make:99: cmTC_eeda6] Error 1
gmake[1]: Leaving directory '/home/kalpit/Downloads/FairFace-master/dlib/build/temp.linux-x86_64-3.10/CMakeFiles/CMakeTmp'
gmake: *** [Makefile:127: cmTC_eeda6/fast] Error 2



Determining if the function sgesv exists failed with the following output:
Change Dir: /home/kalpit/Downloads/FairFace-master/dlib/build/temp.linux-x86_64-3.10/CMakeFiles/CMakeTmp

Run Build Command(s):/usr/bin/gmake -f Makefile cmTC_f018c/fast && /usr/bin/gmake  -f CMakeFiles/cmTC_f018c.dir/build.make CMakeFiles/cmTC_f018c.dir/build
gmake[1]: Entering directory '/home/kalpit/Downloads/FairFace-master/dlib/build/temp.linux-x86_64-3.10/CMakeFiles/CMakeTmp'
Building C object CMakeFiles/cmTC_f018c.dir/CheckFunctionExists.c.o
/usr/bin/cc   -DCHECK_FUNCTION_EXISTS=sgesv -fPIE -o CMakeFiles/cmTC_f018c.dir/CheckFunctionExists.c.o -c /usr/share/cmake-3.22/Modules/CheckFunctionExists.c
Linking C executable cmTC_f018c
/usr/bin/cmake -E cmake_link_script CMakeFiles/cmTC_f018c.dir/link.txt --verbose=1
/usr/bin/cc  -DCHECK_FUNCTION_EXISTS=sgesv CMakeFiles/cmTC_f018c.dir/CheckFunctionExists.c.o -o cmTC_f018c 
/usr/bin/ld: CMakeFiles/cmTC_f018c.dir/CheckFunctionExists.c.o: in function `main':
CheckFunctionExists.c:(.text+0x14): undefined reference to `sgesv'
collect2: error: ld returned 1 exit status
gmake[1]: *** [CMakeFiles/cmTC_f018c.dir/build.make:99: cmTC_f018c] Error 1
gmake[1]: Leaving directory '/home/kalpit/Downloads/FairFace-master/dlib/build/temp.linux-x86_64-3.10/CMakeFiles/CMakeTmp'
gmake: *** [Makefile:127: cmTC_f018c/fast] Error 2



Determining if the function sgesv_ exists failed with the following output:
Change Dir: /home/kalpit/Downloads/FairFace-master/dlib/build/temp.linux-x86_64-3.10/CMakeFiles/CMakeTmp

Run Build Command(s):/usr/bin/gmake -f Makefile cmTC_6d3f0/fast && /usr/bin/gmake  -f CMakeFiles/cmTC_6d3f0.dir/build.make CMakeFiles/cmTC_6d3f0.dir/build
gmake[1]: Entering directory '/home/kalpit/Downloads/FairFace-master/dlib/build/temp.linux-x86_64-3.10/CMakeFiles/CMakeTmp'
Building C object CMakeFiles/cmTC_6d3f0.dir/CheckFunctionExists.c.o
/usr/bin/cc   -DCHECK_FUNCTION_EXISTS=sgesv_ -fPIE -o CMakeFiles/cmTC_6d3f0.dir/CheckFunctionExists.c.o -c /usr/share/cmake-3.22/Modules/CheckFunctionExists.c
Linking C executable cmTC_6d3f0
/usr/bin/cmake -E cmake_link_script CMakeFiles/cmTC_6d3f0.dir/link.txt --verbose=1
/usr/bin/cc  -DCHECK_FUNCTION_EXISTS=sgesv_ CMakeFiles/cmTC_6d3f0.dir/CheckFunctionExists.c.o -o cmTC_6d3f0 
/usr/bin/ld: CMakeFiles/cmTC_6d3f0.dir/CheckFunctionExists.c.o: in function `main':
CheckFunctionExists.c:(.text+0x14): undefined reference to `sgesv_'
collect2: error: ld returned 1 exit status
gmake[1]: *** [CMakeFiles/cmTC_6d3f0.dir/build.make:99: cmTC_6d3f0] Error 1
gmake[1]: Leaving directory '/home/kalpit/Downloads/FairFace-master/dlib/build/temp.linux-x86_64-3.10/CMakeFiles/CMakeTmp'
gmake: *** [Makefile:127: cmTC_6d3f0/fast] Error 2



